2024-06-18 10:39:39.540263 +0900 (0x0000208c) [info] [CrashDump] Starting handler at C:/Program Files/4KDownload/4kvideodownloaderplus
2024-06-18 10:39:39.597272 +0900 (0x0000208c) [info] [app_Gui] [BaseTranslator] Using locale ko_KR
2024-06-18 10:39:39.597272 +0900 (0x00004ee0) [info] [http] [HttpRequestsPerformerQueueImpl_0000019514E364E0] Creating queue element:1
2024-06-18 10:39:39.598269 +0900 (0x00004ee0) [info] [http] [HttpDownloaderImpl_0000000000000001] Start http downloader https://dl.4kdownload.com/app/settings/4kvideodownloaderplus.crash.json
2024-06-18 10:39:39.600264 +0900 (0x0000333c) [info] [http] [HttpDownloaderImpl_0000000000000002] Start http downloader https://dl.4kdownload.com/app/advertisement/videodownloaderplus.xml
2024-06-18 10:39:39.600264 +0900 (0x00004ee0) [info] [http] [HttpRequestsPerformerQueueImpl_0000019514E364E0] Queue element:1 was created
2024-06-18 10:39:39.600264 +0900 (0x00004ee0) [info] [http] [HttpRequestsPerformerQueueImpl_0000019514E364E0] Creating queue element:2
2024-06-18 10:39:39.601262 +0900 (0x00004ee0) [info] [http] [HttpDownloaderImpl_0000000000000003] Start http downloader http://sa.openmedia.co:8018/collect?v=1&tid=&cid=b11d3097-affb-4643-884e-69b88b63027d&t=event&an=4K%20Video%20Downloader%2B&av=1.7.0.0096&ec=Application&ea=Run&el=First&ev=0&cprop=%7B%22start_day%22%3A170%2C%22start_year%22%3A2024%7D&z=5530
2024-06-18 10:39:39.601262 +0900 (0x00004ee0) [info] [http] [HttpRequestsPerformerQueueImpl_0000019514E364E0] Queue element:2 was created
2024-06-18 10:39:39.601262 +0900 (0x00004ee0) [info] [http] [HttpRequestsPerformerQueueImpl_0000019514E364E0] Creating queue element:3
2024-06-18 10:39:39.601262 +0900 (0x0000208c) [info] [SoftwareUpdate] [Manager] appId=4kvideodownloaderplus, appName=4K Video Downloader+, appVersion=1.7.0.0096, appCast=https://dl.4kdownload.com/app/appcast/videodownloaderplus.xml
2024-06-18 10:39:39.601262 +0900 (0x00004ee0) [info] [http] [HttpDownloaderImpl_0000000000000004] Start http downloader http://sa.openmedia.co:8018/collect?v=1&tid=&cid=b11d3097-affb-4643-884e-69b88b63027d&t=event&an=4K%20Video%20Downloader%2B&av=1.7.0.0096&ec=Application&ea=Platform&el=windows-64-10.0.19045&cprop=%7B%22platform%22%3A%22windows-64%22%2C%22platform_version%22%3A%2210.0.19045%22%2C%22run_platform%22%3A%22windows-64%22%7D&z=11018
2024-06-18 10:39:39.601262 +0900 (0x00004ee0) [info] [http] [HttpRequestsPerformerQueueImpl_0000019514E364E0] Queue element:3 was created
2024-06-18 10:39:39.601262 +0900 (0x00004ee0) [info] [http] [HttpRequestsPerformerQueueImpl_0000019514E364E0] Creating queue element:4
2024-06-18 10:39:39.601262 +0900 (0x00004ee0) [info] [http] [HttpDownloaderImpl_0000000000000005] Start http downloader http://sa.openmedia.co:8018/collect?v=1&tid=&cid=b11d3097-affb-4643-884e-69b88b63027d&t=event&an=4K%20Video%20Downloader%2B&av=1.7.0.0096&ec=License&ea=State&el=free&cprop=%7B%22license%22%3A%22free%22%7D&z=21908
2024-06-18 10:39:39.601262 +0900 (0x00004ee0) [info] [http] [HttpRequestsPerformerQueueImpl_0000019514E364E0] Queue element:4 was created
2024-06-18 10:39:39.601262 +0900 (0x0000208c) [info] [http] [HttpDownloaderImpl_0000000000000006] Start http downloader https://dl.4kdownload.com/app/settings/4kvideodownloaderplus.settings.json
2024-06-18 10:39:39.750894 +0900 (0x00004ee0) [info] [http] [HttpRequestsPerformerQueueImpl_0000019514E364E0] Creating queue element:5
2024-06-18 10:39:39.750894 +0900 (0x00004ee0) [info] [http] [HttpDownloaderImpl_0000000000000007] Start http downloader https://dl.4kdownload.com/app/news/videodownloaderplus.json
2024-06-18 10:39:39.750894 +0900 (0x00004ee0) [info] [http] [HttpRequestsPerformerQueueImpl_0000019514E364E0] Queue element:5 was created
2024-06-18 10:39:39.752873 +0900 (0x0000208c) [warning] Qt WebEngine resources not found at C:/Program Files/4KDownload/4kvideodownloaderplus/resources. Trying parent directory... (:0, )
2024-06-18 10:39:39.752873 +0900 (0x0000208c) [warning] Installed Qt WebEngine locales directory not found at location C:/Program Files/4KDownload/4kvideodownloaderplus/translations\qtwebengine_locales. Trying application directory... (:0, )
2024-06-18 10:39:39.913851 +0900 (0x00000858) [info] [NetworkReachability] [Loop_00000027F892EE90] network is reachable
2024-06-18 10:39:40.260087 +0900 (0x00005398) [info] Enter WorkerGraphManager::statisticsLogThread
2024-06-18 10:39:40.260087 +0900 (0x00005094) [info] Enter WorkerGraphManager::checkingThread
2024-06-18 10:39:40.267068 +0900 (0x0000208c) [info] Migrating from 10 to 11 version
2024-06-18 10:39:40.283026 +0900 (0x0000208c) [info] Migrating from 11 to 12 version
2024-06-18 10:39:40.305964 +0900 (0x0000208c) [info] Migrating from 12 to 13 version
2024-06-18 10:39:40.385751 +0900 (0x0000208c) [info] Migrating from 13 to 14 version
2024-06-18 10:39:40.502444 +0900 (0x0000208c) [info] Migrating from 14 to 15 version
2024-06-18 10:39:40.517403 +0900 (0x0000208c) [info] Migrating from 15 to 16 version
2024-06-18 10:39:40.534822 +0900 (0x0000208c) [info] Migrating from 16 to 17 version
2024-06-18 10:39:40.568697 +0900 (0x0000208c) [info] Migrating from 17 to 18 version
2024-06-18 10:39:40.898796 +0900 (0x0000208c) [info] Migrating from 18 to 19 version
2024-06-18 10:39:40.915413 +0900 (0x0000208c) [info] Migrating from 19 to 20 version
2024-06-18 10:39:40.933757 +0900 (0x0000208c) [info] Migrating from 20 to 21 version
2024-06-18 10:39:40.954449 +0900 (0x0000208c) [info] Migrating from 21 to 22 version
2024-06-18 10:39:40.969490 +0900 (0x0000208c) [info] Migrating from 22 to 23 version
2024-06-18 10:39:40.989696 +0900 (0x0000208c) [info] Migrating from 23 to 24 version
2024-06-18 10:39:41.004238 +0900 (0x0000208c) [info] Migrating from 24 to 25 version
2024-06-18 10:39:41.019744 +0900 (0x0000208c) [info] Migrating from 25 to 26 version
2024-06-18 10:39:41.047727 +0900 (0x0000208c) [info] [downloader] [HttpDownloaderQueue_0000019514E28210] Set max active count 1 -> 4
2024-06-18 10:39:41.047727 +0900 (0x0000208c) [info] [SimpleExecutionQueue] [Queue[ConversionQueue]_0000019514E2BF70] Set max active count 1 -> 4
2024-06-18 10:39:41.047727 +0900 (0x0000208c) [info] [http] [HttpDownloaderImpl_0000000000000008] Start http downloader http://sa.openmedia.co:8018/getinfo
2024-06-18 10:39:41.047727 +0900 (0x00004b24) [info] EventDispatcher is started
2024-06-18 10:39:41.048724 +0900 (0x0000208c) [info] [downloader] [HttpDownloaderQueue_0000019514E28210] Set max active count 4 -> 2
2024-06-18 10:39:41.048724 +0900 (0x0000208c) [info] [SimpleExecutionQueue] [Queue[ConversionQueue]_0000019514E2BF70] Set max active count 4 -> 2
2024-06-18 10:39:41.048724 +0900 (0x0000208c) [info] [http] [HttpDownloaderImpl_0000000000000009] Start http downloader http://sa.openmedia.co:8018/getinfo
2024-06-18 10:39:41.049672 +0900 (0x0000208c) [info] [downloader] [HttpDownloaderQueue_0000019514E28210] Set max active count 2 -> 2
2024-06-18 10:39:41.049672 +0900 (0x0000208c) [info] [SimpleExecutionQueue] [Queue[ConversionQueue]_0000019514E2BF70] Set max active count 2 -> 2
2024-06-18 10:39:41.049672 +0900 (0x0000208c) [info] [http] [HttpDownloaderImpl_000000000000000A] Start http downloader http://sa.openmedia.co:8018/getinfo
2024-06-18 10:39:41.049672 +0900 (0x0000208c) [info] Creating new io context pool '' with 6 thread(s)
2024-06-18 10:39:41.049672 +0900 (0x000026b0) [info] AsioContext::IoContext::threadFunc started
2024-06-18 10:39:41.049672 +0900 (0x00000cc4) [info] AsioContext::IoContext::threadFunc started
2024-06-18 10:39:41.049672 +0900 (0x0000485c) [info] AsioContext::IoContext::threadFunc started
2024-06-18 10:39:41.049672 +0900 (0x00001c58) [info] AsioContext::IoContext::threadFunc started
2024-06-18 10:39:41.049672 +0900 (0x00005210) [info] AsioContext::IoContext::threadFunc started
2024-06-18 10:39:41.049672 +0900 (0x00001300) [info] AsioContext::IoContext::threadFunc started
2024-06-18 10:39:41.054418 +0900 (0x00001300) [info] Cannot start subscription graph: subscriptions update is disabled
2024-06-18 10:39:41.060368 +0900 (0x00004ee0) [info] [http] [HttpRequestsPerformerQueueImpl_0000019514E364E0] Creating queue element:6
2024-06-18 10:39:41.060368 +0900 (0x00004ee0) [info] [http] [HttpDownloaderImpl_000000000000000B] Start http downloader http://sa.openmedia.co:8018/collect?v=1&tid=&cid=b11d3097-affb-4643-884e-69b88b63027d&t=event&an=4K%20Video%20Downloader%2B&av=1.7.0.0096&ec=Notification&ea=Clear%20Outdated&el=Count&ev=0&z=32108
2024-06-18 10:39:41.060368 +0900 (0x0000208c) [info] [From QtDebugMsg] threaded render loop (:0, )
2024-06-18 10:39:41.060368 +0900 (0x0000208c) [info] [From QtDebugMsg] Using sg animation driver (:0, )
2024-06-18 10:39:41.060368 +0900 (0x0000208c) [info] [From QtDebugMsg] Animation Driver: using vsync: 16.67 ms (:0, )
2024-06-18 10:39:41.060368 +0900 (0x00004ee0) [info] [http] [HttpRequestsPerformerQueueImpl_0000019514E364E0] Queue element:6 was created
2024-06-18 10:39:41.287582 +0900 (0x00004100) [info] User external ip info: {"ip":"59.0.87.169"}
2024-06-18 10:39:41.292566 +0900 (0x00004100) [info] User external ip info: {"ip":"59.0.87.169"}
2024-06-18 10:39:41.292566 +0900 (0x00004100) [info] User external ip info: {"ip":"59.0.87.169"}
2024-06-18 10:39:44.343347 +0900 (0x0000208c) [info] [Feedback] [NewsCenter] downloaded
2024-06-18 10:39:44.361360 +0900 (0x00004ee0) [info] [http] [HttpRequestsPerformerQueueImpl_0000019514E364E0] Creating queue element:7
2024-06-18 10:39:44.361360 +0900 (0x00004ee0) [info] [http] [HttpDownloaderImpl_000000000000000C] Start http downloader http://sa.openmedia.co:8018/collect?v=1&tid=&cid=b11d3097-affb-4643-884e-69b88b63027d&t=event&an=4K%20Video%20Downloader%2B&av=1.7.0.0096&ec=Application&ea=Resolution&el=1920x1080&z=23349
2024-06-18 10:39:44.361360 +0900 (0x00004ee0) [info] [http] [HttpRequestsPerformerQueueImpl_0000019514E364E0] Queue element:7 was created
2024-06-18 10:39:44.361360 +0900 (0x00004ee0) [info] [http] [HttpRequestsPerformerQueueImpl_0000019514E364E0] Creating queue element:8
2024-06-18 10:39:44.361360 +0900 (0x00004ee0) [info] [http] [HttpDownloaderImpl_000000000000000D] Start http downloader http://sa.openmedia.co:8018/collect?v=1&tid=&cid=b11d3097-affb-4643-884e-69b88b63027d&t=event&an=4K%20Video%20Downloader%2B&av=1.7.0.0096&ec=Application&ea=LogicalDPI&el=96&z=4804
2024-06-18 10:39:44.361360 +0900 (0x00004ee0) [info] [http] [HttpRequestsPerformerQueueImpl_0000019514E364E0] Queue element:8 was created
2024-06-18 10:39:44.374327 +0900 (0x000025c4) [info] [From QtDebugMsg] Using sg animation driver (:0, )
2024-06-18 10:39:44.374327 +0900 (0x000025c4) [info] [From QtDebugMsg] Animation Driver: using vsync: 16.67 ms (:0, )
2024-06-18 10:39:44.385298 +0900 (0x000025c4) [info] [From QtDebugMsg] opengl texture atlas dimensions: 1024x1024 (:0, )
2024-06-18 10:39:44.385298 +0900 (0x000025c4) [info] [From QtDebugMsg] R/G/B/A Buffers:   8 8 8 8 (:0, )
2024-06-18 10:39:44.385298 +0900 (0x000025c4) [info] [From QtDebugMsg] Depth Buffer:      24 (:0, )
2024-06-18 10:39:44.385298 +0900 (0x000025c4) [info] [From QtDebugMsg] Stencil Buffer:    8 (:0, )
2024-06-18 10:39:44.385298 +0900 (0x000025c4) [info] [From QtDebugMsg] Samples:           0 (:0, )
2024-06-18 10:39:44.385298 +0900 (0x000025c4) [info] [From QtDebugMsg] GL_VENDOR:         Intel (:0, )
2024-06-18 10:39:44.385298 +0900 (0x000025c4) [info] [From QtDebugMsg] GL_RENDERER:       Intel(R) UHD Graphics 730 (:0, )
2024-06-18 10:39:44.385298 +0900 (0x000025c4) [info] [From QtDebugMsg] GL_VERSION:        4.6.0 - Build 31.0.101.5333 (:0, )
2024-06-18 10:39:44.385298 +0900 (0x000025c4) [info] [From QtDebugMsg] GL_EXTENSIONS:    GL_3DFX_texture_compression_FXT1 GL_AMD_depth_clamp_separate GL_AMD_vertex_shader_layer GL_AMD_vertex_shader_viewport_index GL_ARB_ES2_compatibility GL_ARB_ES3_1_compatibility GL_ARB_ES3_compatibility GL_ARB_arrays_of_arrays GL_ARB_base_instance GL_ARB_bindless_texture GL_ARB_blend_func_extended GL_ARB_buffer_storage GL_ARB_cl_event GL_ARB_clear_buffer_object GL_ARB_clear_texture GL_ARB_clip_control GL_ARB_color_buffer_float GL_ARB_compatibility GL_ARB_compressed_texture_pixel_storage GL_ARB_compute_shader GL_ARB_conditional_render_inverted GL_ARB_conservative_depth GL_ARB_copy_buffer GL_ARB_copy_image GL_ARB_cull_distance GL_ARB_debug_output GL_ARB_depth_buffer_float GL_ARB_depth_clamp GL_ARB_depth_texture GL_ARB_derivative_control GL_ARB_direct_state_access GL_ARB_draw_buffers GL_ARB_draw_buffers_blend GL_ARB_draw_elements_base_vertex GL_ARB_draw_indirect GL_ARB_draw_instanced GL_ARB_enhanced_layouts GL_ARB_explicit_attrib_location GL_ARB_explicit_uniform_location GL_ARB_fragment_coord_conventions GL_ARB_fragment_layer_viewport GL_ARB_fragment_program GL_ARB_fragment_program_shadow GL_ARB_fragment_shader GL_ARB_fragment_shader_interlock GL_ARB_framebuffer_no_attachments GL_ARB_framebuffer_object GL_ARB_framebuffer_sRGB GL_ARB_geometry_shader4 GL_ARB_get_program_binary GL_ARB_get_texture_sub_image GL_ARB_gl_spirv GL_ARB_gpu_shader5 GL_ARB_gpu_shader_fp64 GL_ARB_half_float_pixel GL_ARB_half_float_vertex GL_ARB_indirect_parameters GL_ARB_instanced_arrays GL_ARB_internalformat_query GL_ARB_internalformat_query2 GL_ARB_invalidate_subdata GL_ARB_map_buffer_alignment GL_ARB_map_buffer_range GL_ARB_multi_bind GL_ARB_multi_draw_indirect GL_ARB_multisample GL_ARB_multitexture GL_ARB_occlusion_query GL_ARB_occlusion_query2 GL_ARB_pipeline_statistics_query GL_ARB_pixel_buffer_object GL_ARB_point_parameters GL_ARB_point_sprite GL_ARB_polygon_offset_clamp GL_ARB_post_depth_coverage GL_ARB_program_interface_query GL_ARB_provoking_vertex GL_ARB_query_buffer_object GL_ARB_robust_buffer_access_behavior GL_ARB_robustness GL_ARB_robustness_isolation GL_ARB_sample_shading GL_ARB_sampler_objects GL_ARB_seamless_cube_map GL_ARB_seamless_cubemap_per_texture GL_ARB_separate_shader_objects GL_ARB_shader_atomic_counter_ops GL_ARB_shader_atomic_counters GL_ARB_shader_bit_encoding GL_ARB_shader_draw_parameters GL_ARB_shader_group_vote GL_ARB_shader_image_load_store GL_ARB_shader_image_size GL_ARB_shader_objects GL_ARB_shader_precision GL_ARB_shader_stencil_export GL_ARB_shader_storage_buffer_object GL_ARB_shader_subroutine GL_ARB_shader_texture_image_samples GL_ARB_shading_language_100 GL_ARB_shading_language_420pack GL_ARB_shading_language_packing GL_ARB_shadow GL_ARB_spirv_extensions GL_ARB_stencil_texturing GL_ARB_sync GL_ARB_tessellation_shader GL_ARB_texture_barrier GL_ARB_texture_border_clamp GL_ARB_texture_buffer_object GL_ARB_texture_buffer_object_rgb32 GL_ARB_texture_buffer_range GL_ARB_texture_compression GL_ARB_texture_compression_bptc GL_ARB_texture_compression_rgtc GL_ARB_texture_cube_map GL_ARB_texture_cube_map_array GL_ARB_texture_env_add GL_ARB_texture_env_combine GL_ARB_texture_env_crossbar GL_ARB_texture_env_dot3 GL_ARB_texture_filter_anisotropic GL_ARB_texture_float GL_ARB_texture_gather GL_ARB_texture_mirror_clamp_to_edge GL_ARB_texture_mirrored_repeat GL_ARB_texture_multisample GL_ARB_texture_non_power_of_two GL_ARB_texture_query_levels GL_ARB_texture_query_lod GL_ARB_texture_rectangle GL_ARB_texture_rg GL_ARB_texture_rgb10_a2ui GL_ARB_texture_stencil8 GL_ARB_texture_storage GL_ARB_texture_storage_multisample GL_ARB_texture_swizzle GL_ARB_texture_view GL_ARB_timer_query GL_ARB_transform_feedback2 GL_ARB_transform_feedback3 GL_ARB_transform_feedback_instanced GL_ARB_transform_feedback_overflow_query GL_ARB_transpose_matrix GL_ARB_uniform_buffer_object GL_ARB_vertex_array_bgra GL_ARB_vertex_array_object GL_ARB_vertex_attrib_64bit GL_ARB_vertex_attrib_binding GL_ARB_vertex_buffer_object GL_ARB_vertex_program GL_ARB_vertex_shader GL_ARB_vertex_type_10f_11f_11f_rev GL_ARB_vertex_type_2_10_10_10_rev GL_ARB_viewport_array GL_ARB_window_pos GL_ATI_separate_stencil GL_EXT_abgr GL_EXT_bgra GL_EXT_blend_color GL_EXT_blend_equation_separate GL_EXT_blend_func_separate GL_EXT_blend_minmax GL_EXT_blend_subtract GL_EXT_clip_volume_hint GL_EXT_compiled_vertex_array GL_EXT_depth_bounds_test GL_EXT_direct_state_access GL_EXT_draw_buffers2 GL_EXT_draw_range_elements GL_EXT_fog_coord GL_EXT_framebuffer_blit GL_EXT_framebuffer_multisample GL_EXT_framebuffer_object GL_EXT_geometry_shader4 GL_EXT_gpu_program_parameters GL_EXT_gpu_shader4 GL_EXT_memory_object GL_EXT_memory_object_win32 GL_EXT_multi_draw_arrays GL_EXT_packed_depth_stencil GL_EXT_packed_float GL_EXT_packed_pixels GL_EXT_polygon_offset_clamp GL_EXT_rescale_normal GL_EXT_secondary_color GL_EXT_semaphore GL_EXT_semaphore_win32 GL_EXT_separate_specular_color GL_EXT_shader_framebuffer_fetch GL_EXT_shader_integer_mix GL_EXT_shadow_funcs GL_EXT_stencil_two_side GL_EXT_stencil_wrap GL_EXT_texture3D GL_EXT_texture_array GL_EXT_texture_compression_s3tc GL_EXT_texture_edge_clamp GL_EXT_texture_env_add GL_EXT_texture_env_combine GL_EXT_texture_filter_anisotropic GL_EXT_texture_integer GL_EXT_texture_lod_bias GL_EXT_texture_rectangle GL_EXT_texture_sRGB GL_EXT_texture_sRGB_decode GL_EXT_texture_shared_exponent GL_EXT_texture_snorm GL_EXT_texture_storage GL_EXT_texture_swizzle GL_EXT_timer_query GL_EXT_transform_feedback GL_IBM_texture_mirrored_repeat GL_INTEL_conservative_rasterization GL_INTEL_fragment_shader_ordering GL_INTEL_framebuffer_CMAA GL_INTEL_map_texture GL_INTEL_multi_rate_fragment_shader GL_INTEL_performance_query GL_KHR_blend_equation_advanced GL_KHR_blend_equation_advanced_coherent GL_KHR_context_flush_control GL_KHR_debug GL_KHR_no_error GL_KHR_shader_subgroup GL_KHR_shader_subgroup_arithmetic GL_KHR_shader_subgroup_ballot GL_KHR_shader_subgroup_basic GL_KHR_shader_subgroup_clustered GL_KHR_shader_subgroup_quad GL_KHR_shader_subgroup_shuffle GL_KHR_shader_subgroup_shuffle_relative GL_KHR_shader_subgroup_vote GL_KHR_texture_compression_astc_ldr GL_NV_blend_square GL_NV_conditional_render GL_NV_primitive_restart GL_NV_texgen_reflection GL_NV_timeline_semaphore GL_OVR_multiview GL_SGIS_generate_mipmap GL_SGIS_texture_edge_clamp GL_SGIS_texture_lod GL_SUN_multi_draw_arrays GL_WIN_swap_hint WGL_EXT_swap_control (:0, )
2024-06-18 10:39:44.385298 +0900 (0x000025c4) [info] [From QtDebugMsg] Max Texture Size: 16384 (:0, )
2024-06-18 10:39:44.385298 +0900 (0x000025c4) [info] [From QtDebugMsg] Debug context:    false (:0, )
2024-06-18 10:39:48.347645 +0900 (0x0000208c) [info] Agreement rejected
2024-06-18 10:39:48.348643 +0900 (0x00004ee0) [info] [http] [QueueHandlingThread_0000019514E364E0] finishing
2024-06-18 10:39:48.348643 +0900 (0x00004ee0) [info] [http] [QueueHandlingThread_0000019514E364E0] finished
2024-06-18 10:39:48.348643 +0900 (0x00003734) [info] [http] [NotificationHandlingThread_0000019514E364E0] finishing
2024-06-18 10:39:48.348643 +0900 (0x00003734) [info] [http] [NotificationHandlingThread_0000019514E364E0] finished
2024-06-18 10:39:48.349642 +0900 (0x0000208c) [warning] qrc:/VideoDownloader/View/openmedia/videodownloader/WinExtras.qml:25:13: Unable to assign [undefined] to bool (qrc:/VideoDownloader/View/openmedia/videodownloader/WinExtras.qml:25, )
2024-06-18 10:39:48.349642 +0900 (0x0000208c) [warning] qrc:/VideoDownloader/View/openmedia/videodownloader/WinExtras.qml:14:9: Unable to assign [undefined] to int (qrc:/VideoDownloader/View/openmedia/videodownloader/WinExtras.qml:14, )
2024-06-18 10:39:48.357619 +0900 (0x0000208c) [info] WorkerGraphManager is stopping
2024-06-18 10:39:48.357619 +0900 (0x00005094) [info] Finished WorkerGraphManager::checkingThread
2024-06-18 10:39:48.358617 +0900 (0x00005398) [info] Finished WorkerGraphManager::statisticsLogThread
2024-06-18 10:39:48.358617 +0900 (0x0000208c) [info] WorkerGraphManager is stopped
2024-06-18 10:39:48.358617 +0900 (0x00004b24) [info] EventDispatcher is finishing
2024-06-18 10:39:48.358617 +0900 (0x00004b24) [info] EventDispatcher is finished
2024-06-18 10:39:48.358617 +0900 (0x00001300) [info] AsioContext::IoContext::threadFunc finished
2024-06-18 10:39:48.358617 +0900 (0x00005210) [info] AsioContext::IoContext::threadFunc finished
2024-06-18 10:39:48.358617 +0900 (0x00001c58) [info] AsioContext::IoContext::threadFunc finished
2024-06-18 10:39:48.358617 +0900 (0x0000485c) [info] AsioContext::IoContext::threadFunc finished
2024-06-18 10:39:48.358617 +0900 (0x00000cc4) [info] AsioContext::IoContext::threadFunc finished
2024-06-18 10:39:48.358617 +0900 (0x000026b0) [info] AsioContext::IoContext::threadFunc finished
2024-06-18 10:39:48.358617 +0900 (0x00003868) [info] [SimpleExecutionQueue] [QueueHandlingThread_0000019514E2BF70] finishing
2024-06-18 10:39:48.358617 +0900 (0x00003868) [info] [SimpleExecutionQueue] [QueueHandlingThread_0000019514E2BF70] finished
2024-06-18 10:39:48.358617 +0900 (0x00005358) [info] [SimpleExecutionQueue] [NotificationHandlingThread_0000019514E2BF70] finishing
2024-06-18 10:39:48.358617 +0900 (0x00005358) [info] [SimpleExecutionQueue] [NotificationHandlingThread_0000019514E2BF70] finished
2024-06-18 10:39:48.358617 +0900 (0x00000ba4) [info] [downloader] [QueueHandlingThread_0000019514E28210] finishing
2024-06-18 10:39:48.358617 +0900 (0x00000ba4) [info] [downloader] [QueueHandlingThread_0000019514E28210] finished
2024-06-18 10:39:48.358617 +0900 (0x00002110) [info] [downloader] [NotificationHandlingThread_0000019514E28210] finishing
2024-06-18 10:39:48.358617 +0900 (0x00002110) [info] [downloader] [NotificationHandlingThread_0000019514E28210] finished
